#
# A fatal error has been detected by the Java Runtime Environment:
#
#  SIGSEGV (0xb) at pc=0x00007fc16c71d231, pid=30300, tid=30316
#
# JRE version: OpenJDK Runtime Environment (14.0.2+12) (build 14.0.2+12-46)
# Java VM: OpenJDK 64-Bit Server VM (14.0.2+12-46, mixed mode, tiered, compressed oops, g1 gc, linux-amd64)
# Problematic frame:
# C  [libjimage.so+0x4231]  ImageStrings::find(Endian*, char const*, int*, unsigned int)+0x71
#
# Core dump will be written. Default location: Core dumps may be processed with "/usr/share/apport/apport %p %s %c %d %P %E" (or dumping to /home/shiv/Documents/arushi/pubsub/core.30300)
#
# If you would like to submit a bug report, please visit:
#   https://bugreport.java.com/bugreport/crash.jsp
#

---------------  S U M M A R Y ------------

Command Line: -XX:+ShowCodeDetailsInExceptionMessages -agentlib:jdwp=transport=dt_socket,suspend=y,address=localhost:45939 -javaagent:/home/shiv/eclipse-jee-2019-12-R-linux-gtk-x86_64/eclipse/configuration/org.eclipse.osgi/1150/0/.cp/lib/javaagent-shaded.jar -Dfile.encoding=UTF-8 com.example.pubsub.PubsubApplication

Host: Intel(R) Core(TM) i3-6006U CPU @ 2.00GHz, 4 cores, 11G, Ubuntu 18.04.3 LTS
Time: Fri May 14 00:08:22 2021 IST elapsed time: 22344 seconds (0d 6h 12m 24s)

---------------  T H R E A D  ---------------

Current thread (0x00007fc16422f800):  JavaThread "Signal Dispatcher" daemon [_thread_in_vm, id=30316, stack(0x00007fc148368000,0x00007fc148469000)]

Stack: [0x00007fc148368000,0x00007fc148469000],  sp=0x00007fc1484661d0,  free space=1016k
Native frames: (J=compiled Java code, A=aot compiled Java code, j=interpreted, Vv=VM code, C=native code)
C  [libjimage.so+0x4231]  ImageStrings::find(Endian*, char const*, int*, unsigned int)+0x71
C  [libjimage.so+0x4d7a]  ImageFileReader::find_location_index(char const*, unsigned long long*) const+0x3a
C  [libjimage.so+0x5271]  JIMAGE_FindResource+0xf1
V  [libjvm.so+0x50f473]